<?xml version="1.0" encoding="UTF-8"?>
<!-- Generated by org.testng.reporters.JUnitXMLReporter -->
<testsuite hostname="Hitesh-PC" ignored="4" name="Clear Trip &gt; Coding Round Test Cases" tests="3" failures="0" timestamp="13 Aug 2019 06:23:42 GMT" time="56.003" errors="0">
  <testcase name="shouldThrowAnErrorIfSignInDetailsAreMissing" time="7.995" classname="com.codinground.tests.SignInTest"/>
  <testcase name="shouldBeAbleToSearchForHotels" time="25.871" classname="com.codinground.tests.HotelBookingTest"/>
  <testcase name="testThatResultsAppearForAOneWayJourney" time="22.114" classname="com.codinground.tests.FlightBookingTest"/>
  <testcase name="@AfterSuite TearDownDriver" time="0.0" classname="com.codinground.base.TestBase">
    <ignored/>
  </testcase> <!-- @AfterSuite TearDownDriver -->
  <testcase name="@AfterSuite TearDownDriver" time="0.0" classname="com.codinground.base.TestBase">
    <ignored/>
  </testcase> <!-- @AfterSuite TearDownDriver -->
  <testcase name="@BeforeSuite InitializeTests" time="0.0" classname="com.codinground.base.TestBase">
    <ignored/>
  </testcase> <!-- @BeforeSuite InitializeTests -->
  <testcase name="@BeforeSuite InitializeTests" time="0.0" classname="com.codinground.base.TestBase">
    <ignored/>
  </testcase> <!-- @BeforeSuite InitializeTests -->
</testsuite> <!-- Clear Trip > Coding Round Test Cases -->
